<?xml version="1.0" encoding="UTF-8"?>
<!-- Generated by org.testng.reporters.JUnitReportReporter -->
<testsuite hostname="ZA-5CD1514QVX" failures="0" tests="1" name="tests.BaseClass" time="0.000" errors="0" timestamp="2022-09-20T17:30:31 CAT" skipped="1">
  <testcase classname="tests.BaseClass" name="baseTestLogin" time="0.000">
    <skipped/>
  </testcase> <!-- baseTestLogin -->
  <system-out/>
</testsuite> <!-- tests.BaseClass -->
