<?xml version="1.0" encoding="UTF-8"?>
<!-- Generated by org.testng.reporters.JUnitReportReporter -->
<testsuite hostname="ZA-5CD1514QVX" failures="0" tests="1" name="tests.TestCase17_RemoveFromCart" time="13.012" errors="0" timestamp="2022-09-21T04:28:55 CAT" skipped="0">
  <testcase classname="tests.TestCase17_RemoveFromCart" name="RemoveFromCart" time="13.012"/>
  <system-out/>
</testsuite> <!-- tests.TestCase17_RemoveFromCart -->
