<?xml version="1.0" encoding="UTF-8"?>
<!-- Generated by org.testng.reporters.JUnitReportReporter -->
<testsuite hostname="ZA-5CD1514QVX" failures="0" tests="1" name="tests.TestCase14_addAddress" time="37.087" errors="0" timestamp="2022-09-20T20:15:17 CAT" skipped="0">
  <testcase classname="tests.TestCase14_addAddress" name="AddAddress" time="37.087"/>
  <system-out/>
</testsuite> <!-- tests.TestCase14_addAddress -->
