<?xml version="1.0" encoding="UTF-8"?>
<!-- Generated by org.testng.reporters.JUnitReportReporter -->
<testsuite hostname="ZA-5CD1514QVX" failures="0" tests="1" name="tests.TestCase13_AddAddress" time="14.109" errors="0" timestamp="2022-09-16T11:11:17 CAT" skipped="0">
  <testcase classname="tests.TestCase13_AddAddress" name="AddAddress" time="14.109"/>
  <system-out/>
</testsuite> <!-- tests.TestCase13_AddAddress -->
