<?xml version="1.0" encoding="UTF-8"?>
<!-- Generated by org.testng.reporters.JUnitReportReporter -->
<testsuite hostname="ZA-5CD1514QVX" failures="0" tests="1" name="tests.TestCase20_Signout" time="6.134" errors="0" timestamp="2022-09-20T17:30:30 CAT" skipped="0">
  <testcase classname="tests.TestCase20_Signout" name="baseTestLogin" time="6.134"/>
  <system-out/>
</testsuite> <!-- tests.TestCase20_Signout -->
