<?xml version="1.0" encoding="UTF-8"?>
<!-- Generated by org.testng.reporters.JUnitReportReporter -->
<testsuite hostname="ZA-5CD1514QVX" failures="0" tests="1" name="tests.TestCase2_invalidLogin" time="4.081" errors="0" timestamp="2022-09-20T17:30:31 CAT" skipped="0">
  <testcase classname="tests.TestCase2_invalidLogin" name="baseTestLogin" time="4.081"/>
  <system-out/>
</testsuite> <!-- tests.TestCase2_invalidLogin -->
