<?xml version="1.0" encoding="UTF-8"?>
<!-- Generated by org.testng.reporters.JUnitReportReporter -->
<testsuite hostname="ZA-5CD1514QVX" failures="0" tests="2" name="utils.ExcelDataProvider" time="0.010" errors="0" timestamp="2022-09-21T04:01:28 CAT" skipped="0">
  <testcase classname="utils.ExcelDataProvider" name="test1" time="0.002"/>
  <system-out/>
  <testcase classname="utils.ExcelDataProvider" name="test1" time="0.008"/>
  <system-out/>
</testsuite> <!-- utils.ExcelDataProvider -->
