<?xml version="1.0" encoding="UTF-8"?>
<!-- Generated by org.testng.reporters.JUnitReportReporter -->
<testsuite hostname="ZA-5CD1514QVX" failures="0" tests="1" name="tests.TestCase12_Sell" time="6.077" errors="0" timestamp="2022-09-20T19:43:30 CAT" skipped="0">
  <testcase classname="tests.TestCase12_Sell" name="baseTestLogin" time="6.077"/>
  <system-out/>
</testsuite> <!-- tests.TestCase12_Sell -->
