<?xml version="1.0" encoding="UTF-8"?>
<!-- Generated by org.testng.reporters.JUnitReportReporter -->
<testsuite hostname="ZA-5CD1514QVX" failures="0" tests="1" name="tests.TestCase15_editAddress" time="17.363" errors="0" timestamp="2022-09-21T04:34:21 CAT" skipped="0">
  <testcase classname="tests.TestCase15_editAddress" name="editAddress" time="17.363"/>
  <system-out/>
</testsuite> <!-- tests.TestCase15_editAddress -->
