<?xml version="1.0" encoding="UTF-8"?>
<!-- Generated by org.testng.reporters.JUnitReportReporter -->
<testsuite hostname="ZA-5CD1514QVX" failures="0" tests="1" name="tests.TestCase18_returnOrder" time="4.725" errors="0" timestamp="2022-09-20T19:43:30 CAT" skipped="0">
  <testcase classname="tests.TestCase18_returnOrder" name="baseTestLogin" time="4.725"/>
  <system-out/>
</testsuite> <!-- tests.TestCase18_returnOrder -->
