<?xml version="1.0" encoding="UTF-8"?>
<!-- Generated by org.testng.reporters.JUnitReportReporter -->
<testsuite hostname="ZA-5CD1514QVX" failures="0" tests="1" name="tests.TestCase16_DeleteAddress" time="14.032" errors="0" timestamp="2022-09-21T01:10:22 CAT" skipped="0">
  <testcase classname="tests.TestCase16_DeleteAddress" name="DeleteAddress" time="14.032"/>
  <system-out/>
</testsuite> <!-- tests.TestCase16_DeleteAddress -->
