<?xml version="1.0" encoding="UTF-8"?>
<!-- Generated by org.testng.reporters.JUnitReportReporter -->
<testsuite hostname="ZA-5CD1514QVX" failures="0" tests="1" name="tests.TestCase13_SelectAddress" time="19.614" errors="0" timestamp="2022-09-20T20:27:03 CAT" skipped="0">
  <testcase classname="tests.TestCase13_SelectAddress" name="SelectAddress" time="19.614"/>
  <system-out/>
</testsuite> <!-- tests.TestCase13_SelectAddress -->
