<?xml version="1.0" encoding="UTF-8"?>
<!-- Generated by org.testng.reporters.JUnitReportReporter -->
<testsuite hostname="ZA-5CD1514QVX" failures="0" tests="1" name="tests.TestCase15_editAddress" time="206.356" errors="0" timestamp="2022-09-20T20:27:03 CAT" skipped="0">
  <testcase classname="tests.TestCase15_editAddress" name="editAddress" time="206.356"/>
  <system-out/>
</testsuite> <!-- tests.TestCase15_editAddress -->
