<?xml version="1.0" encoding="UTF-8"?>
<!-- Generated by org.testng.reporters.JUnitReportReporter -->
<testsuite hostname="ZA-5CD1514QVX" failures="0" tests="1" name="tests.TestCase17_RemoveFromCart" time="5.593" errors="0" timestamp="2022-09-20T19:43:30 CAT" skipped="0">
  <testcase classname="tests.TestCase17_RemoveFromCart" name="baseTestLogin" time="5.593"/>
  <system-out/>
</testsuite> <!-- tests.TestCase17_RemoveFromCart -->
